$GNGGA,045251.00,5025.4447643,N,01411.3818114,E,4,12,0.59,217.793,M,44.078,M,1.0,0084*69
$GNGSA,A,3,01,08,10,21,23,27,32,,,,,,0.98,0.59,0.78,1*0D
$GNGSA,A,3,74,69,84,85,68,,,,,,,,0.98,0.59,0.78,2*03
$GNGSA,A,3,30,36,25,11,19,02,09,,,,,,0.98,0.59,0.78,3*03
$GNGSA,A,3,28,14,09,27,,,,,,,,,0.98,0.59,0.78,4*05
$GPGSV,4,1,13,01,12,267,45,08,71,281,44,10,62,074,49,14,02,336,,1*6C
$GPGSV,4,2,13,15,00,021,,16,18,196,32,18,02,082,,21,39,274,47,1*6C
$GPGSV,4,3,13,22,05,220,28,23,29,052,35,27,69,158,47,30,00,310,,1*61
$GPGSV,4,4,13,32,21,132,33,1*54
$GPGSV,4,1,13,01,12,267,40,08,71,281,45,10,62,074,47,14,02,336,28,6*6B
$GPGSV,4,2,13,15,00,021,,16,18,196,,18,02,082,,21,39,274,,6*69
$GPGSV,4,3,13,22,05,220,,23,29,052,29,27,69,158,45,30,00,310,,6*63
$GPGSV,4,4,13,32,21,132,16,6*54
$GLGSV,3,1,09,67,14,024,24,68,52,066,44,69,43,151,52,74,15,249,33,1*7C
$GLGSV,3,2,09,75,25,304,49,76,08,355,32,83,34,093,31,84,68,345,37,1*74
$GLGSV,3,3,09,85,16,297,47,1*44
$GLGSV,3,1,09,67,14,024,25,68,52,066,35,69,43,151,38,74,15,249,,3*75
$GLGSV,3,2,09,75,25,304,42,76,08,355,27,83,34,093,,84,68,345,39,3*75
$GLGSV,3,3,09,85,16,297,44,3*45
$GAGSV,3,1,09,02,34,274,49,04,37,108,29,09,13,160,44,11,70,069,43,7*70
$GAGSV,3,2,09,12,18,089,,19,22,043,27,25,20,220,42,30,16,325,38,7*72
$GAGSV,3,3,09,36,52,284,45,7*47
$GAGSV,3,1,09,02,34,274,46,04,37,108,30,09,13,160,46,11,70,069,46,2*75
$GAGSV,3,2,09,12,18,089,,19,22,043,23,25,20,220,43,30,16,325,36,2*7C
$GAGSV,3,3,09,36,52,284,45,2*42
$GBGSV,3,1,11,02,05,105,,05,20,127,,06,19,079,25,09,16,092,28,1*7C
$GBGSV,3,2,11,11,21,113,23,13,10,068,,14,58,110,42,16,20,071,,1*76
$GBGSV,3,3,11,21,07,035,,27,21,295,44,28,75,299,41,1*43
$GBGSV,3,1,11,02,05,105,,05,20,127,,06,19,079,28,09,16,092,28,3*73
$GBGSV,3,2,11,11,21,113,32,13,10,068,26,14,58,110,48,16,20,071,27,3*7F
$GBGSV,3,3,11,21,07,035,,27,21,295,,28,75,299,,3*44
$GNGLL,5025.4447643,N,01411.3818114,E,045251.00,A,D*76
$GNTXT,01,01,02,Starting GNSS*5A
$GNRMC,045251.36,V,,,,,,,251021,,,N,V*1E
$GNVTG,,,,,,,,,N*2E
$GNGGA,045251.36,,,,,0,00,99.99,,,,,,*7A
$GNGSA,A,1,,,,,,,,,,,,,99.99,99.99,99.99,3*31
$GNGSA,A,1,,,,,,,,,,,,,99.99,99.99,99.99,4*36
$GAGSV,1,1,00,7*73
$GAGSV,1,1,00,2*76
$GBGSV,1,1,00,1*76
$GBGSV,1,1,00,3*74
$GNGLL,,,,,045251.36,V,N*56
